{"level":"info","message":"Root endpoint accessed","service":"acquisitions-api","timestamp":"2025-09-26T02:48:05.984Z"}
{"level":"info","message":"::1 - - [26/Sep/2025:02:48:05 +0000] \"GET / HTTP/1.1\" 304 - \"-\" \"Mozilla/5.0 (Windows NT 10.0; Win64; x64) AppleWebKit/537.36 (KHTML, like Gecko) Chrome/140.0.0.0 Safari/537.36\"","service":"acquisitions-api","timestamp":"2025-09-26T02:48:05.993Z"}
{"level":"info","message":"Root endpoint accessed","service":"acquisitions-api","timestamp":"2025-09-26T02:48:37.957Z"}
{"level":"info","message":"::1 - - [26/Sep/2025:02:48:37 +0000] \"GET / HTTP/1.1\" 304 - \"-\" \"Mozilla/5.0 (Windows NT 10.0; Win64; x64) AppleWebKit/537.36 (KHTML, like Gecko) Chrome/140.0.0.0 Safari/537.36\"","service":"acquisitions-api","timestamp":"2025-09-26T02:48:37.967Z"}
{"level":"info","message":"::1 - - [26/Sep/2025:02:55:46 +0000] \"GET / HTTP/1.1\" 304 - \"-\" \"Mozilla/5.0 (Windows NT 10.0; Win64; x64) AppleWebKit/537.36 (KHTML, like Gecko) Chrome/140.0.0.0 Safari/537.36\"","service":"acquisitions-api","timestamp":"2025-09-26T02:55:46.958Z"}
{"level":"info","message":"::1 - - [26/Sep/2025:02:55:55 +0000] \"GET /health HTTP/1.1\" 200 74 \"-\" \"Mozilla/5.0 (Windows NT 10.0; Win64; x64) AppleWebKit/537.36 (KHTML, like Gecko) Chrome/140.0.0.0 Safari/537.36\"","service":"acquisitions-api","timestamp":"2025-09-26T02:55:55.803Z"}
{"level":"info","message":"::1 - - [26/Sep/2025:02:58:02 +0000] \"GET / HTTP/1.1\" 200 24 \"-\" \"PostmanRuntime/7.47.1\"","service":"acquisitions-api","timestamp":"2025-09-26T02:58:02.199Z"}
{"level":"info","message":"::1 - - [26/Sep/2025:02:58:38 +0000] \"GET /api HTTP/1.1\" 200 45 \"-\" \"PostmanRuntime/7.47.1\"","service":"acquisitions-api","timestamp":"2025-09-26T02:58:38.120Z"}
{"level":"info","message":"::1 - - [26/Sep/2025:02:58:47 +0000] \"GET /health HTTP/1.1\" 200 75 \"-\" \"PostmanRuntime/7.47.1\"","service":"acquisitions-api","timestamp":"2025-09-26T02:58:47.353Z"}
{"level":"info","message":"::1 - - [26/Sep/2025:02:59:08 +0000] \"POST /sign-in HTTP/1.1\" 404 147 \"-\" \"PostmanRuntime/7.47.1\"","service":"acquisitions-api","timestamp":"2025-09-26T02:59:08.260Z"}
{"level":"info","message":"::1 - - [26/Sep/2025:02:59:30 +0000] \"POST /api/auth/sign-in HTTP/1.1\" 200 16 \"-\" \"PostmanRuntime/7.47.1\"","service":"acquisitions-api","timestamp":"2025-09-26T02:59:30.525Z"}
{"level":"info","message":"::1 - - [26/Sep/2025:03:16:23 +0000] \"POST /api/auth/sign-up HTTP/1.1\" 201 23 \"-\" \"PostmanRuntime/7.47.1\"","service":"acquisitions-api","timestamp":"2025-09-26T03:16:23.779Z"}
{"level":"info","message":"::1 - - [26/Sep/2025:03:19:28 +0000] \"POST /api/auth/sign-up HTTP/1.1\" 400 92 \"-\" \"PostmanRuntime/7.47.1\"","service":"acquisitions-api","timestamp":"2025-09-26T03:19:28.755Z"}
{"level":"info","message":"::1 - - [26/Sep/2025:03:20:20 +0000] \"POST /api/auth/sign-up HTTP/1.1\" 400 115 \"-\" \"PostmanRuntime/7.47.1\"","service":"acquisitions-api","timestamp":"2025-09-26T03:20:20.684Z"}
{"level":"info","message":"::1 - - [26/Sep/2025:03:20:34 +0000] \"POST /api/auth/sign-up HTTP/1.1\" 400 167 \"-\" \"PostmanRuntime/7.47.1\"","service":"acquisitions-api","timestamp":"2025-09-26T03:20:34.354Z"}
{"level":"info","message":"User signed up: khoa@gmail.com","service":"acquisitions-api","timestamp":"2025-09-26T03:20:57.057Z"}
{"level":"error","message":"Signup error: role is not defined","service":"acquisitions-api","stack":"ReferenceError: role is not defined\n    at signup (file:///D:/workspace/course/acquisitions/src/controllers/auth.controller.js:18:97)\n    at Layer.handleRequest (D:\\workspace\\course\\acquisitions\\node_modules\\router\\lib\\layer.js:152:17)\n    at next (D:\\workspace\\course\\acquisitions\\node_modules\\router\\lib\\route.js:157:13)\n    at Route.dispatch (D:\\workspace\\course\\acquisitions\\node_modules\\router\\lib\\route.js:117:3)\n    at handle (D:\\workspace\\course\\acquisitions\\node_modules\\router\\index.js:435:11)\n    at Layer.handleRequest (D:\\workspace\\course\\acquisitions\\node_modules\\router\\lib\\layer.js:152:17)\n    at D:\\workspace\\course\\acquisitions\\node_modules\\router\\index.js:295:15\n    at processParams (D:\\workspace\\course\\acquisitions\\node_modules\\router\\index.js:582:12)\n    at next (D:\\workspace\\course\\acquisitions\\node_modules\\router\\index.js:291:5)\n    at Function.handle (D:\\workspace\\course\\acquisitions\\node_modules\\router\\index.js:186:3)","timestamp":"2025-09-26T03:20:57.058Z"}
{"level":"info","message":"::1 - - [26/Sep/2025:03:20:57 +0000] \"POST /api/auth/sign-up HTTP/1.1\" 500 1205 \"-\" \"PostmanRuntime/7.47.1\"","service":"acquisitions-api","timestamp":"2025-09-26T03:20:57.059Z"}
{"level":"info","message":"User signed up: khoa@gmail.com","service":"acquisitions-api","timestamp":"2025-09-26T03:21:40.820Z"}
{"level":"info","message":"::1 - - [26/Sep/2025:03:21:40 +0000] \"POST /api/auth/sign-up HTTP/1.1\" 201 104 \"-\" \"PostmanRuntime/7.47.1\"","service":"acquisitions-api","timestamp":"2025-09-26T03:21:40.824Z"}
{"level":"info","message":"User signed up: khoa@gmail.com","service":"acquisitions-api","timestamp":"2025-09-26T03:21:58.095Z"}
{"level":"error","message":"Signup error: role is not defined","service":"acquisitions-api","stack":"ReferenceError: role is not defined\n    at signup (file:///D:/workspace/course/acquisitions/src/controllers/auth.controller.js:18:97)\n    at Layer.handleRequest (D:\\workspace\\course\\acquisitions\\node_modules\\router\\lib\\layer.js:152:17)\n    at next (D:\\workspace\\course\\acquisitions\\node_modules\\router\\lib\\route.js:157:13)\n    at Route.dispatch (D:\\workspace\\course\\acquisitions\\node_modules\\router\\lib\\route.js:117:3)\n    at handle (D:\\workspace\\course\\acquisitions\\node_modules\\router\\index.js:435:11)\n    at Layer.handleRequest (D:\\workspace\\course\\acquisitions\\node_modules\\router\\lib\\layer.js:152:17)\n    at D:\\workspace\\course\\acquisitions\\node_modules\\router\\index.js:295:15\n    at processParams (D:\\workspace\\course\\acquisitions\\node_modules\\router\\index.js:582:12)\n    at next (D:\\workspace\\course\\acquisitions\\node_modules\\router\\index.js:291:5)\n    at Function.handle (D:\\workspace\\course\\acquisitions\\node_modules\\router\\index.js:186:3)","timestamp":"2025-09-26T03:21:58.098Z"}
{"level":"info","message":"::1 - - [26/Sep/2025:03:21:58 +0000] \"POST /api/auth/sign-up HTTP/1.1\" 500 1205 \"-\" \"PostmanRuntime/7.47.1\"","service":"acquisitions-api","timestamp":"2025-09-26T03:21:58.100Z"}
{"level":"info","message":"User signed up: khoa@gmail.com","service":"acquisitions-api","timestamp":"2025-09-26T03:22:56.205Z"}
{"level":"info","message":"::1 - - [26/Sep/2025:03:22:56 +0000] \"POST /api/auth/sign-up HTTP/1.1\" 201 118 \"-\" \"PostmanRuntime/7.47.1\"","service":"acquisitions-api","timestamp":"2025-09-26T03:22:56.211Z"}
{"level":"error","message":"User creation error: TypeError: Cannot convert undefined or null to object","service":"acquisitions-api","timestamp":"2025-09-26T03:39:48.911Z"}
{"level":"error","message":"Signup error: User creation failed","service":"acquisitions-api","stack":"Error: User creation failed\n    at createUser (file:///D:/workspace/course/acquisitions/src/services/auth.service.js:28:11)\n    at async signup (file:///D:/workspace/course/acquisitions/src/controllers/auth.controller.js:18:18)","timestamp":"2025-09-26T03:39:48.915Z"}
{"level":"info","message":"::1 - - [26/Sep/2025:03:39:48 +0000] \"POST /api/auth/sign-up HTTP/1.1\" 500 380 \"-\" \"PostmanRuntime/7.47.1\"","service":"acquisitions-api","timestamp":"2025-09-26T03:39:48.919Z"}
{"level":"error","message":"User creation error: TypeError: Cannot convert undefined or null to object","service":"acquisitions-api","timestamp":"2025-09-26T03:40:57.089Z"}
{"level":"error","message":"Signup error: User creation failed","service":"acquisitions-api","stack":"Error: User creation failed\n    at createUser (file:///D:/workspace/course/acquisitions/src/services/auth.service.js:28:11)\n    at async signup (file:///D:/workspace/course/acquisitions/src/controllers/auth.controller.js:18:18)","timestamp":"2025-09-26T03:40:57.089Z"}
{"level":"info","message":"::1 - - [26/Sep/2025:03:40:57 +0000] \"POST /api/auth/sign-up HTTP/1.1\" 500 380 \"-\" \"PostmanRuntime/7.47.1\"","service":"acquisitions-api","timestamp":"2025-09-26T03:40:57.090Z"}
{"level":"error","message":"User creation error: TypeError: Cannot convert undefined or null to object","service":"acquisitions-api","timestamp":"2025-09-26T03:41:57.179Z"}
{"level":"error","message":"Signup error: User creation failed","service":"acquisitions-api","stack":"Error: User creation failed\n    at createUser (file:///D:/workspace/course/acquisitions/src/services/auth.service.js:28:11)\n    at async signup (file:///D:/workspace/course/acquisitions/src/controllers/auth.controller.js:18:18)","timestamp":"2025-09-26T03:41:57.181Z"}
{"level":"info","message":"::1 - - [26/Sep/2025:03:41:57 +0000] \"POST /api/auth/sign-up HTTP/1.1\" 500 380 \"-\" \"PostmanRuntime/7.47.1\"","service":"acquisitions-api","timestamp":"2025-09-26T03:41:57.184Z"}
{"level":"error","message":"User creation error: TypeError: Cannot convert undefined or null to object","service":"acquisitions-api","timestamp":"2025-09-26T03:42:08.140Z"}
{"level":"error","message":"Signup error: User creation failed","service":"acquisitions-api","stack":"Error: User creation failed\n    at createUser (file:///D:/workspace/course/acquisitions/src/services/auth.service.js:28:11)\n    at async signup (file:///D:/workspace/course/acquisitions/src/controllers/auth.controller.js:18:18)","timestamp":"2025-09-26T03:42:08.141Z"}
{"level":"info","message":"::1 - - [26/Sep/2025:03:42:08 +0000] \"POST /api/auth/sign-up HTTP/1.1\" 500 380 \"-\" \"PostmanRuntime/7.47.1\"","service":"acquisitions-api","timestamp":"2025-09-26T03:42:08.142Z"}
{"level":"error","message":"User creation error: TypeError: Cannot convert undefined or null to object","service":"acquisitions-api","timestamp":"2025-09-26T03:42:34.313Z"}
{"level":"error","message":"Signup error: User creation failed","service":"acquisitions-api","stack":"Error: User creation failed\n    at createUser (file:///D:/workspace/course/acquisitions/src/services/auth.service.js:28:11)\n    at async signup (file:///D:/workspace/course/acquisitions/src/controllers/auth.controller.js:18:18)","timestamp":"2025-09-26T03:42:34.315Z"}
{"level":"info","message":"::1 - - [26/Sep/2025:03:42:34 +0000] \"POST /api/auth/sign-up HTTP/1.1\" 500 380 \"-\" \"PostmanRuntime/7.47.1\"","service":"acquisitions-api","timestamp":"2025-09-26T03:42:34.317Z"}
{"level":"error","message":"User creation error: TypeError: Cannot convert undefined or null to object","service":"acquisitions-api","timestamp":"2025-09-26T03:43:32.930Z"}
{"level":"error","message":"Signup error: User creation failed","service":"acquisitions-api","stack":"Error: User creation failed\n    at createUser (file:///D:/workspace/course/acquisitions/src/services/auth.service.js:30:11)\n    at async signup (file:///D:/workspace/course/acquisitions/src/controllers/auth.controller.js:18:18)","timestamp":"2025-09-26T03:43:32.932Z"}
{"level":"info","message":"::1 - - [26/Sep/2025:03:43:32 +0000] \"POST /api/auth/sign-up HTTP/1.1\" 500 380 \"-\" \"PostmanRuntime/7.47.1\"","service":"acquisitions-api","timestamp":"2025-09-26T03:43:32.934Z"}
{"level":"error","message":"User creation error: TypeError: Cannot convert undefined or null to object","service":"acquisitions-api","timestamp":"2025-09-26T03:46:46.981Z"}
{"level":"error","message":"Signup error: User creation failed","service":"acquisitions-api","stack":"Error: User creation failed\n    at createUser (file:///D:/workspace/course/acquisitions/src/services/auth.service.js:30:11)\n    at async signup (file:///D:/workspace/course/acquisitions/src/controllers/auth.controller.js:18:18)","timestamp":"2025-09-26T03:46:50.987Z"}
{"level":"info","message":"::1 - - [26/Sep/2025:03:46:50 +0000] \"POST /api/auth/sign-up HTTP/1.1\" 500 380 \"-\" \"PostmanRuntime/7.47.1\"","service":"acquisitions-api","timestamp":"2025-09-26T03:46:50.992Z"}
{"level":"info","message":"New user created: admin@email.com","service":"acquisitions-api","timestamp":"2025-09-26T03:47:09.099Z"}
{"level":"error","message":"Signup error: cookieStore is not defined","service":"acquisitions-api","stack":"ReferenceError: cookieStore is not defined\n    at signup (file:///D:/workspace/course/acquisitions/src/controllers/auth.controller.js:20:5)\n    at process.processTicksAndRejections (node:internal/process/task_queues:95:5)","timestamp":"2025-09-26T03:47:09.111Z"}
{"level":"info","message":"::1 - - [26/Sep/2025:03:47:09 +0000] \"POST /api/auth/sign-up HTTP/1.1\" 500 374 \"-\" \"PostmanRuntime/7.47.1\"","service":"acquisitions-api","timestamp":"2025-09-26T03:47:09.116Z"}
{"level":"error","message":"User creation error: Error: Failed query: insert into \"users\" (\"id\", \"name\", \"email\", \"password\", \"role\", \"createAt\", \"updatedAt\") values (default, $1, $2, $3, $4, default, default) returning \"id\", \"name\", \"email\", \"role\"\nparams: Admin,admin@email.com,$2b$10$RR75te/J/0j9owWfWPOkq.JGrIOIMq48f8lVb2wkW2pjzUwgh613a,admin","service":"acquisitions-api","timestamp":"2025-09-26T03:47:19.056Z"}
{"level":"error","message":"Signup error: User creation failed","service":"acquisitions-api","stack":"Error: User creation failed\n    at createUser (file:///D:/workspace/course/acquisitions/src/services/auth.service.js:30:11)\n    at process.processTicksAndRejections (node:internal/process/task_queues:95:5)\n    at async signup (file:///D:/workspace/course/acquisitions/src/controllers/auth.controller.js:18:18)","timestamp":"2025-09-26T03:47:19.057Z"}
{"level":"info","message":"::1 - - [26/Sep/2025:03:47:19 +0000] \"POST /api/auth/sign-up HTTP/1.1\" 500 475 \"-\" \"PostmanRuntime/7.47.1\"","service":"acquisitions-api","timestamp":"2025-09-26T03:47:19.058Z"}
{"level":"error","message":"User creation error: Error: Failed query: insert into \"users\" (\"id\", \"name\", \"email\", \"password\", \"role\", \"createAt\", \"updatedAt\") values (default, $1, $2, $3, $4, default, default) returning \"id\", \"name\", \"email\", \"role\"\nparams: Admin,admin@email.com,$2b$10$BFbJWv/9z8nsUTt5WeVeReoTaOLJaXgVIOYV2ndMmEqBr.pi3Ogq6,admin","service":"acquisitions-api","timestamp":"2025-09-26T03:49:14.181Z"}
{"level":"error","message":"Signup error: User creation failed","service":"acquisitions-api","stack":"Error: User creation failed\n    at createUser (file:///D:/workspace/course/acquisitions/src/services/auth.service.js:30:11)\n    at process.processTicksAndRejections (node:internal/process/task_queues:95:5)\n    at async signup (file:///D:/workspace/course/acquisitions/src/controllers/auth.controller.js:18:18)","timestamp":"2025-09-26T03:49:24.104Z"}
{"level":"info","message":"::1 - - [26/Sep/2025:03:49:24 +0000] \"POST /api/auth/sign-up HTTP/1.1\" 500 475 \"-\" \"PostmanRuntime/7.47.1\"","service":"acquisitions-api","timestamp":"2025-09-26T03:49:24.110Z"}
{"level":"error","message":"User creation error: Error: Failed query: insert into \"users\" (\"id\", \"name\", \"email\", \"password\", \"role\", \"createAt\", \"updatedAt\") values (default, $1, $2, $3, $4, default, default) returning \"id\", \"name\", \"email\", \"role\"\nparams: Admin,admin@email.com,$2b$10$dXzqwrwD62fhuu5p9eps7OOKOW8XOs9tGfBnYGNrex2Vhexpj2GiK,admin","service":"acquisitions-api","timestamp":"2025-09-26T03:51:13.519Z"}
{"level":"error","message":"Signup error: User creation failed","service":"acquisitions-api","stack":"Error: User creation failed\n    at createUser (file:///D:/workspace/course/acquisitions/src/services/auth.service.js:30:11)\n    at process.processTicksAndRejections (node:internal/process/task_queues:95:5)\n    at async signup (file:///D:/workspace/course/acquisitions/src/controllers/auth.controller.js:18:18)","timestamp":"2025-09-26T03:51:14.150Z"}
{"level":"info","message":"::1 - - [26/Sep/2025:03:51:14 +0000] \"POST /api/auth/sign-up HTTP/1.1\" 500 475 \"-\" \"PostmanRuntime/7.47.1\"","service":"acquisitions-api","timestamp":"2025-09-26T03:51:14.152Z"}
{"level":"error","message":"User creation error: Error: Email already exists","service":"acquisitions-api","timestamp":"2025-09-26T03:52:00.907Z"}
{"level":"error","message":"Signup error: User creation failed","service":"acquisitions-api","stack":"Error: User creation failed\n    at createUser (file:///D:/workspace/course/acquisitions/src/services/auth.service.js:30:11)\n    at process.processTicksAndRejections (node:internal/process/task_queues:95:5)\n    at async signup (file:///D:/workspace/course/acquisitions/src/controllers/auth.controller.js:18:18)","timestamp":"2025-09-26T03:52:00.910Z"}
{"level":"info","message":"::1 - - [26/Sep/2025:03:52:00 +0000] \"POST /api/auth/sign-up HTTP/1.1\" 500 475 \"-\" \"PostmanRuntime/7.47.1\"","service":"acquisitions-api","timestamp":"2025-09-26T03:52:00.914Z"}
{"level":"error","message":"Signup error: Email already exists","service":"acquisitions-api","stack":"Error: Email already exists\n    at createUser (file:///D:/workspace/course/acquisitions/src/services/auth.service.js:18:38)\n    at process.processTicksAndRejections (node:internal/process/task_queues:95:5)\n    at async signup (file:///D:/workspace/course/acquisitions/src/controllers/auth.controller.js:18:18)","timestamp":"2025-09-26T03:52:26.432Z"}
{"level":"info","message":"::1 - - [26/Sep/2025:03:52:26 +0000] \"POST /api/auth/sign-up HTTP/1.1\" 409 32 \"-\" \"PostmanRuntime/7.47.1\"","service":"acquisitions-api","timestamp":"2025-09-26T03:52:26.437Z"}
{"level":"info","message":"New user created: user@email.com","service":"acquisitions-api","timestamp":"2025-09-26T03:53:40.266Z"}
{"level":"error","message":"Signup error: cookieStore is not defined","service":"acquisitions-api","stack":"ReferenceError: cookieStore is not defined\n    at signup (file:///D:/workspace/course/acquisitions/src/controllers/auth.controller.js:20:5)\n    at process.processTicksAndRejections (node:internal/process/task_queues:95:5)","timestamp":"2025-09-26T03:53:40.274Z"}
{"level":"info","message":"::1 - - [26/Sep/2025:03:53:40 +0000] \"POST /api/auth/sign-up HTTP/1.1\" 500 374 \"-\" \"PostmanRuntime/7.47.1\"","service":"acquisitions-api","timestamp":"2025-09-26T03:53:40.279Z"}
{"level":"error","message":"Signup error: Email already exists","service":"acquisitions-api","stack":"Error: Email already exists\n    at createUser (file:///D:/workspace/course/acquisitions/src/services/auth.service.js:18:38)\n    at process.processTicksAndRejections (node:internal/process/task_queues:95:5)\n    at async signup (file:///D:/workspace/course/acquisitions/src/controllers/auth.controller.js:19:18)","timestamp":"2025-09-26T03:54:55.834Z"}
{"level":"info","message":"::1 - - [26/Sep/2025:03:54:55 +0000] \"POST /api/auth/sign-up HTTP/1.1\" 409 32 \"-\" \"PostmanRuntime/7.47.1\"","service":"acquisitions-api","timestamp":"2025-09-26T03:54:55.841Z"}
{"level":"info","message":"New user created: user2@email.com","service":"acquisitions-api","timestamp":"2025-09-26T03:55:02.207Z"}
{"level":"info","message":"::1 - - [26/Sep/2025:03:55:02 +0000] \"POST /api/auth/sign-up HTTP/1.1\" 201 315 \"-\" \"PostmanRuntime/7.47.1\"","service":"acquisitions-api","timestamp":"2025-09-26T03:55:02.213Z"}
{"level":"info","message":"::1 - - [26/Sep/2025:04:15:28 +0000] \"POST /api/auth/sign-up HTTP/1.1\" 400 92 \"-\" \"PostmanRuntime/7.47.1\"","service":"acquisitions-api","timestamp":"2025-09-26T04:15:28.865Z"}
{"level":"info","message":"::1 - - [26/Sep/2025:04:16:09 +0000] \"POST /api/auth/sign-up HTTP/1.1\" 400 92 \"-\" \"PostmanRuntime/7.47.1\"","service":"acquisitions-api","timestamp":"2025-09-26T04:16:09.061Z"}
{"level":"info","message":"::1 - - [26/Sep/2025:04:16:12 +0000] \"POST /api/auth/sign-up HTTP/1.1\" 400 92 \"-\" \"PostmanRuntime/7.47.1\"","service":"acquisitions-api","timestamp":"2025-09-26T04:16:12.374Z"}
{"level":"error","message":"Signin error: login is not defined","service":"acquisitions-api","stack":"ReferenceError: login is not defined\n    at signin (file:///D:/workspace/course/acquisitions/src/controllers/auth.controller.js:44:18)\n    at Layer.handleRequest (D:\\workspace\\course\\acquisitions\\node_modules\\router\\lib\\layer.js:152:17)\n    at next (D:\\workspace\\course\\acquisitions\\node_modules\\router\\lib\\route.js:157:13)\n    at Route.dispatch (D:\\workspace\\course\\acquisitions\\node_modules\\router\\lib\\route.js:117:3)\n    at handle (D:\\workspace\\course\\acquisitions\\node_modules\\router\\index.js:435:11)\n    at Layer.handleRequest (D:\\workspace\\course\\acquisitions\\node_modules\\router\\lib\\layer.js:152:17)\n    at D:\\workspace\\course\\acquisitions\\node_modules\\router\\index.js:295:15\n    at processParams (D:\\workspace\\course\\acquisitions\\node_modules\\router\\index.js:582:12)\n    at next (D:\\workspace\\course\\acquisitions\\node_modules\\router\\index.js:291:5)\n    at Function.handle (D:\\workspace\\course\\acquisitions\\node_modules\\router\\index.js:186:3)","timestamp":"2025-09-26T04:16:19.459Z"}
{"level":"info","message":"::1 - - [26/Sep/2025:04:16:19 +0000] \"POST /api/auth/sign-in HTTP/1.1\" 500 33 \"-\" \"PostmanRuntime/7.47.1\"","service":"acquisitions-api","timestamp":"2025-09-26T04:16:19.461Z"}
{"level":"info","message":"::1 - - [26/Sep/2025:04:16:38 +0000] \"POST /api/auth/sign-in HTTP/1.1\" 200 457 \"-\" \"PostmanRuntime/7.47.1\"","service":"acquisitions-api","timestamp":"2025-09-26T04:16:38.619Z"}
{"level":"info","message":"::1 - - [26/Sep/2025:04:17:10 +0000] \"POST /api/auth/sign-in HTTP/1.1\" 200 306 \"-\" \"PostmanRuntime/7.47.1\"","service":"acquisitions-api","timestamp":"2025-09-26T04:17:10.629Z"}
{"level":"info","message":"::1 - - [26/Sep/2025:04:17:22 +0000] \"POST /api/auth/sign-in HTTP/1.1\" 200 300 \"-\" \"PostmanRuntime/7.47.1\"","service":"acquisitions-api","timestamp":"2025-09-26T04:17:22.873Z"}
{"level":"info","message":"::1 - - [26/Sep/2025:04:20:44 +0000] \"POST /api/auth/sign-in HTTP/1.1\" 200 300 \"-\" \"PostmanRuntime/7.47.1\"","service":"acquisitions-api","timestamp":"2025-09-26T04:20:44.640Z"}
{"level":"error","message":"Arcjet middleware error: TypeError: Cannot read properties of undefined (reading 'id')","service":"acquisitions-api","timestamp":"2025-09-26T04:44:36.155Z"}
{"level":"info","message":"::1 - - [26/Sep/2025:04:44:36 +0000] \"POST /health HTTP/1.1\" 500 66 \"-\" \"PostmanRuntime/7.47.1\"","service":"acquisitions-api","timestamp":"2025-09-26T04:44:36.161Z"}
{"ip":"::1","level":"warn","message":"Bot detected","path":"/health","service":"acquisitions-api","timestamp":"2025-09-26T04:44:55.289Z","userAgent":"PostmanRuntime/7.47.1"}
{"level":"info","message":"::1 - - [26/Sep/2025:04:44:55 +0000] \"POST /health HTTP/1.1\" 429 76 \"-\" \"PostmanRuntime/7.47.1\"","service":"acquisitions-api","timestamp":"2025-09-26T04:44:55.294Z"}
{"ip":"::1","level":"warn","message":"Bot detected","path":"/health","service":"acquisitions-api","timestamp":"2025-09-26T04:46:07.879Z","userAgent":"PostmanRuntime/7.47.1"}
{"level":"info","message":"::1 - - [26/Sep/2025:04:46:07 +0000] \"POST /health HTTP/1.1\" 429 76 \"-\" \"PostmanRuntime/7.47.1\"","service":"acquisitions-api","timestamp":"2025-09-26T04:46:07.882Z"}
{"ip":"::1","level":"warn","message":"Bot detected","path":"/health","service":"acquisitions-api","timestamp":"2025-09-26T04:46:56.625Z","userAgent":"PostmanRuntime/7.47.1"}
{"level":"error","message":"Arcjet middleware error: [object Object]","service":"acquisitions-api","timestamp":"2025-09-26T04:46:56.629Z"}
{"level":"info","message":"::1 - - [26/Sep/2025:04:46:56 +0000] \"POST /health HTTP/1.1\" 500 76 \"-\" \"PostmanRuntime/7.47.1\"","service":"acquisitions-api","timestamp":"2025-09-26T04:46:56.631Z"}
{"ip":"::1","level":"warn","message":"Bot detected","path":"/health","service":"acquisitions-api","timestamp":"2025-09-26T04:47:22.424Z","userAgent":"PostmanRuntime/7.47.1"}
{"level":"error","message":"Arcjet middleware error: [object Object]","service":"acquisitions-api","timestamp":"2025-09-26T04:47:22.425Z"}
{"level":"info","message":"::1 - - [26/Sep/2025:04:47:22 +0000] \"POST /health HTTP/1.1\" 500 76 \"-\" \"PostmanRuntime/7.47.1\"","service":"acquisitions-api","timestamp":"2025-09-26T04:47:22.426Z"}
{"ip":"::1","level":"warn","message":"Bot detected","path":"/health","service":"acquisitions-api","timestamp":"2025-09-26T04:49:21.854Z","userAgent":"PostmanRuntime/7.47.1"}
{"level":"info","message":"::1 - - [26/Sep/2025:04:49:21 +0000] \"POST /health HTTP/1.1\" 429 76 \"-\" \"PostmanRuntime/7.47.1\"","service":"acquisitions-api","timestamp":"2025-09-26T04:49:21.863Z"}
{"ip":"::1","level":"warn","message":"Bot detected","path":"/health","service":"acquisitions-api","timestamp":"2025-09-26T04:49:53.053Z","userAgent":"PostmanRuntime/7.47.1"}
{"level":"info","message":"::1 - - [26/Sep/2025:04:49:53 +0000] \"POST /health HTTP/1.1\" 429 76 \"-\" \"PostmanRuntime/7.47.1\"","service":"acquisitions-api","timestamp":"2025-09-26T04:49:53.054Z"}
{"ip":"::1","level":"warn","message":"Bot detected","path":"/health","service":"acquisitions-api","timestamp":"2025-09-26T04:55:02.736Z","userAgent":"PostmanRuntime/7.47.1"}
{"level":"info","message":"::1 - - [26/Sep/2025:04:55:02 +0000] \"POST /health HTTP/1.1\" 429 76 \"-\" \"PostmanRuntime/7.47.1\"","service":"acquisitions-api","timestamp":"2025-09-26T04:55:02.739Z"}
{"ip":"::1","level":"warn","message":"Bot detected","path":"/health","service":"acquisitions-api","timestamp":"2025-09-26T04:56:05.782Z","userAgent":"PostmanRuntime/7.47.1"}
{"level":"info","message":"::1 - - [26/Sep/2025:04:56:05 +0000] \"POST /health HTTP/1.1\" 429 76 \"-\" \"PostmanRuntime/7.47.1\"","service":"acquisitions-api","timestamp":"2025-09-26T04:56:05.787Z"}
{"ip":"::1","level":"warn","message":"Bot detected","path":"/health","service":"acquisitions-api","timestamp":"2025-09-26T04:58:32.109Z","userAgent":"PostmanRuntime/7.47.1"}
{"level":"info","message":"::1 - - [26/Sep/2025:04:58:32 +0000] \"POST /health HTTP/1.1\" 429 76 \"-\" \"PostmanRuntime/7.47.1\"","service":"acquisitions-api","timestamp":"2025-09-26T04:58:32.114Z"}
{"ip":"::1","level":"warn","message":"Bot detected","path":"/health","service":"acquisitions-api","timestamp":"2025-09-26T05:00:21.190Z","userAgent":"PostmanRuntime/7.47.1"}
{"level":"info","message":"::1 - - [26/Sep/2025:05:00:23 +0000] \"POST /health HTTP/1.1\" 429 76 \"-\" \"PostmanRuntime/7.47.1\"","service":"acquisitions-api","timestamp":"2025-09-26T05:00:23.368Z"}
{"ip":"::1","level":"warn","message":"Bot detected","path":"/health","service":"acquisitions-api","timestamp":"2025-09-26T06:07:12.023Z","userAgent":"PostmanRuntime/7.47.1"}
{"level":"info","message":"::1 - - [26/Sep/2025:06:07:12 +0000] \"POST /health HTTP/1.1\" 429 76 \"-\" \"PostmanRuntime/7.47.1\"","service":"acquisitions-api","timestamp":"2025-09-26T06:07:12.029Z"}
{"ip":"::1","level":"warn","message":"Bot detected","path":"/health","service":"acquisitions-api","timestamp":"2025-09-26T06:07:50.886Z","userAgent":"Mozilla/5.0 (Windows NT 10.0; Win64; x64) AppleWebKit/537.36 (KHTML, like Gecko) Chrome/140.0.0.0 Safari/537.36"}
{"level":"info","message":"::1 - - [26/Sep/2025:06:07:50 +0000] \"GET /health HTTP/1.1\" 429 76 \"-\" \"Mozilla/5.0 (Windows NT 10.0; Win64; x64) AppleWebKit/537.36 (KHTML, like Gecko) Chrome/140.0.0.0 Safari/537.36\"","service":"acquisitions-api","timestamp":"2025-09-26T06:07:50.888Z"}
{"ip":"::1","level":"warn","message":"Bot detected","path":"/health","service":"acquisitions-api","timestamp":"2025-09-26T06:09:38.793Z","userAgent":"PostmanRuntime/7.47.1"}
{"level":"info","message":"::1 - - [26/Sep/2025:06:09:38 +0000] \"POST /health HTTP/1.1\" 429 76 \"-\" \"PostmanRuntime/7.47.1\"","service":"acquisitions-api","timestamp":"2025-09-26T06:09:38.794Z"}
{"level":"info","message":"::1 - - [26/Sep/2025:06:09:51 +0000] \"POST /health HTTP/1.1\" 404 146 \"-\" \"PostmanRuntime/7.47.1\"","service":"acquisitions-api","timestamp":"2025-09-26T06:09:51.084Z"}
{"level":"info","message":"::1 - - [26/Sep/2025:06:10:28 +0000] \"POST /health HTTP/1.1\" 404 146 \"-\" \"PostmanRuntime/7.47.1\"","service":"acquisitions-api","timestamp":"2025-09-26T06:10:28.797Z"}
{"level":"info","message":"::1 - - [26/Sep/2025:06:10:46 +0000] \"GET /health HTTP/1.1\" 200 73 \"-\" \"PostmanRuntime/7.47.1\"","service":"acquisitions-api","timestamp":"2025-09-26T06:10:46.433Z"}
{"ip":"::1","level":"warn","message":"Bot detected","path":"/health","service":"acquisitions-api","timestamp":"2025-09-26T06:10:57.327Z","userAgent":"PostmanRuntime/7.47.1"}
{"level":"info","message":"::1 - - [26/Sep/2025:06:10:57 +0000] \"GET /health HTTP/1.1\" 429 76 \"-\" \"PostmanRuntime/7.47.1\"","service":"acquisitions-api","timestamp":"2025-09-26T06:10:57.332Z"}
{"ip":"::1","level":"warn","message":"Bot detected","path":"/health","service":"acquisitions-api","timestamp":"2025-09-26T06:11:39.707Z","userAgent":"PostmanRuntime/7.47.1"}
{"level":"info","message":"::1 - - [26/Sep/2025:06:11:39 +0000] \"GET /health HTTP/1.1\" 429 76 \"-\" \"PostmanRuntime/7.47.1\"","service":"acquisitions-api","timestamp":"2025-09-26T06:11:39.712Z"}
{"ip":"::1","level":"warn","message":"Bot detected","path":"/health","service":"acquisitions-api","timestamp":"2025-09-26T06:11:49.510Z","userAgent":"PostmanRuntime/7.47.1"}
{"level":"info","message":"::1 - - [26/Sep/2025:06:11:49 +0000] \"GET /health HTTP/1.1\" 429 76 \"-\" \"PostmanRuntime/7.47.1\"","service":"acquisitions-api","timestamp":"2025-09-26T06:11:49.514Z"}
{"level":"info","message":"::1 - - [26/Sep/2025:06:12:51 +0000] \"GET /health HTTP/1.1\" 200 74 \"-\" \"Mozilla/5.0 (Windows NT 10.0; Win64; x64) AppleWebKit/537.36 (KHTML, like Gecko) Chrome/140.0.0.0 Safari/537.36\"","service":"acquisitions-api","timestamp":"2025-09-26T06:12:51.870Z"}
{"level":"info","message":"::1 - - [26/Sep/2025:06:15:14 +0000] \"GET /health HTTP/1.1\" 200 75 \"-\" \"Mozilla/5.0 (Windows NT 10.0; Win64; x64) AppleWebKit/537.36 (KHTML, like Gecko) Chrome/140.0.0.0 Safari/537.36\"","service":"acquisitions-api","timestamp":"2025-09-26T06:15:14.281Z"}
{"level":"info","message":"::1 - - [26/Sep/2025:06:15:15 +0000] \"GET /health HTTP/1.1\" 200 75 \"-\" \"Mozilla/5.0 (Windows NT 10.0; Win64; x64) AppleWebKit/537.36 (KHTML, like Gecko) Chrome/140.0.0.0 Safari/537.36\"","service":"acquisitions-api","timestamp":"2025-09-26T06:15:15.574Z"}
{"ip":"::1","level":"warn","message":"Shield detected","method":"GET","path":"/health","service":"acquisitions-api","timestamp":"2025-09-26T06:15:16.503Z","userAgent":"Mozilla/5.0 (Windows NT 10.0; Win64; x64) AppleWebKit/537.36 (KHTML, like Gecko) Chrome/140.0.0.0 Safari/537.36"}
{"level":"info","message":"::1 - - [26/Sep/2025:06:15:16 +0000] \"GET /health HTTP/1.1\" 403 68 \"-\" \"Mozilla/5.0 (Windows NT 10.0; Win64; x64) AppleWebKit/537.36 (KHTML, like Gecko) Chrome/140.0.0.0 Safari/537.36\"","service":"acquisitions-api","timestamp":"2025-09-26T06:15:16.505Z"}
{"ip":"::1","level":"warn","message":"Shield detected","method":"GET","path":"/health","service":"acquisitions-api","timestamp":"2025-09-26T06:16:07.001Z","userAgent":"PostmanRuntime/7.47.1"}
{"level":"info","message":"::1 - - [26/Sep/2025:06:16:07 +0000] \"GET /health HTTP/1.1\" 403 68 \"-\" \"PostmanRuntime/7.47.1\"","service":"acquisitions-api","timestamp":"2025-09-26T06:16:07.005Z"}
{"level":"info","message":"::1 - - [26/Sep/2025:06:17:22 +0000] \"GET /health HTTP/1.1\" 200 73 \"-\" \"PostmanRuntime/7.47.1\"","service":"acquisitions-api","timestamp":"2025-09-26T06:17:22.138Z"}
{"level":"info","message":"::1 - - [26/Sep/2025:06:17:24 +0000] \"GET /health HTTP/1.1\" 200 71 \"-\" \"PostmanRuntime/7.47.1\"","service":"acquisitions-api","timestamp":"2025-09-26T06:17:24.855Z"}
{"ip":"::1","level":"warn","message":"Shield detected","method":"GET","path":"/health","service":"acquisitions-api","timestamp":"2025-09-26T06:17:25.714Z","userAgent":"PostmanRuntime/7.47.1"}
{"level":"info","message":"::1 - - [26/Sep/2025:06:17:25 +0000] \"GET /health HTTP/1.1\" 403 68 \"-\" \"PostmanRuntime/7.47.1\"","service":"acquisitions-api","timestamp":"2025-09-26T06:17:25.715Z"}
{"ip":"::1","level":"warn","message":"Shield detected","method":"GET","path":"/health","service":"acquisitions-api","timestamp":"2025-09-26T06:18:17.556Z","userAgent":"PostmanRuntime/7.47.1"}
{"level":"info","message":"::1 - - [26/Sep/2025:06:18:17 +0000] \"GET /health HTTP/1.1\" 403 68 \"-\" \"PostmanRuntime/7.47.1\"","service":"acquisitions-api","timestamp":"2025-09-26T06:18:17.560Z"}
{"ip":"::1","level":"warn","message":"Bot detected","path":"/health","service":"acquisitions-api","timestamp":"2025-09-26T06:19:55.285Z","userAgent":"PostmanRuntime/7.47.1"}
{"level":"info","message":"::1 - - [26/Sep/2025:06:19:55 +0000] \"GET /health HTTP/1.1\" 429 71 \"-\" \"PostmanRuntime/7.47.1\"","service":"acquisitions-api","timestamp":"2025-09-26T06:19:55.289Z"}
{"level":"info","message":"::1 - - [26/Sep/2025:06:20:04 +0000] \"GET /health HTTP/1.1\" 200 73 \"-\" \"PostmanRuntime/7.47.1\"","service":"acquisitions-api","timestamp":"2025-09-26T06:20:04.023Z"}
{"level":"info","message":"::1 - - [26/Sep/2025:06:20:12 +0000] \"GET /health HTTP/1.1\" 200 73 \"-\" \"PostmanRuntime/7.47.1\"","service":"acquisitions-api","timestamp":"2025-09-26T06:20:12.075Z"}
{"ip":"::1","level":"warn","message":"Shield detected","method":"GET","path":"/health","service":"acquisitions-api","timestamp":"2025-09-26T06:20:24.716Z","userAgent":"PostmanRuntime/7.47.1"}
{"level":"info","message":"::1 - - [26/Sep/2025:06:20:24 +0000] \"GET /health HTTP/1.1\" 403 68 \"-\" \"PostmanRuntime/7.47.1\"","service":"acquisitions-api","timestamp":"2025-09-26T06:20:24.716Z"}
{"level":"info","message":"::1 - - [26/Sep/2025:06:22:35 +0000] \"GET /health HTTP/1.1\" 200 74 \"-\" \"PostmanRuntime/7.47.1\"","service":"acquisitions-api","timestamp":"2025-09-26T06:22:35.537Z"}
{"level":"info","message":"::1 - - [26/Sep/2025:06:22:45 +0000] \"GET /health HTTP/1.1\" 200 74 \"-\" \"PostmanRuntime/7.47.1\"","service":"acquisitions-api","timestamp":"2025-09-26T06:22:45.198Z"}
{"ip":"::1","level":"warn","message":"Shield detected","method":"GET","path":"/health","service":"acquisitions-api","timestamp":"2025-09-26T06:22:46.118Z","userAgent":"PostmanRuntime/7.47.1"}
{"level":"info","message":"::1 - - [26/Sep/2025:06:22:46 +0000] \"GET /health HTTP/1.1\" 403 68 \"-\" \"PostmanRuntime/7.47.1\"","service":"acquisitions-api","timestamp":"2025-09-26T06:22:46.120Z"}
{"level":"info","message":"::1 - - [26/Sep/2025:06:25:23 +0000] \"GET /health HTTP/1.1\" 200 72 \"-\" \"PostmanRuntime/7.47.1\"","service":"acquisitions-api","timestamp":"2025-09-26T06:25:23.282Z"}
{"level":"info","message":"::1 - - [26/Sep/2025:06:25:24 +0000] \"GET /health HTTP/1.1\" 200 72 \"-\" \"PostmanRuntime/7.47.1\"","service":"acquisitions-api","timestamp":"2025-09-26T06:25:24.402Z"}
{"ip":"::1","level":"warn","message":"Shield detected","method":"GET","path":"/health","service":"acquisitions-api","timestamp":"2025-09-26T06:25:25.287Z","userAgent":"PostmanRuntime/7.47.1"}
{"level":"info","message":"::1 - - [26/Sep/2025:06:25:25 +0000] \"GET /health HTTP/1.1\" 403 68 \"-\" \"PostmanRuntime/7.47.1\"","service":"acquisitions-api","timestamp":"2025-09-26T06:25:25.289Z"}
{"level":"info","message":"::1 - - [26/Sep/2025:06:26:34 +0000] \"GET /health HTTP/1.1\" 200 73 \"-\" \"PostmanRuntime/7.47.1\"","service":"acquisitions-api","timestamp":"2025-09-26T06:26:34.989Z"}
{"ip":"::1","level":"warn","message":"Rate limit exceeded","method":"GET","path":"/health","service":"acquisitions-api","timestamp":"2025-09-26T06:26:36.091Z","userAgent":"PostmanRuntime/7.47.1"}
{"level":"info","message":"::1 - - [26/Sep/2025:06:26:36 +0000] \"GET /health HTTP/1.1\" 429 61 \"-\" \"PostmanRuntime/7.47.1\"","service":"acquisitions-api","timestamp":"2025-09-26T06:26:36.093Z"}
{"ip":"::1","level":"warn","message":"Rate limit exceeded","method":"GET","path":"/health","service":"acquisitions-api","timestamp":"2025-09-26T06:26:58.558Z","userAgent":"PostmanRuntime/7.47.1"}
{"level":"info","message":"::1 - - [26/Sep/2025:06:26:58 +0000] \"GET /health HTTP/1.1\" 429 61 \"-\" \"PostmanRuntime/7.47.1\"","service":"acquisitions-api","timestamp":"2025-09-26T06:26:58.564Z"}
{"level":"info","message":"::1 - - [26/Sep/2025:06:27:37 +0000] \"GET /health HTTP/1.1\" 200 73 \"-\" \"PostmanRuntime/7.47.1\"","service":"acquisitions-api","timestamp":"2025-09-26T06:27:37.397Z"}
{"ip":"::1","level":"warn","message":"Rate limit exceeded","method":"GET","path":"/health","service":"acquisitions-api","timestamp":"2025-09-26T06:27:47.703Z","userAgent":"PostmanRuntime/7.47.1"}
{"level":"info","message":"::1 - - [26/Sep/2025:06:27:47 +0000] \"GET /health HTTP/1.1\" 429 61 \"-\" \"PostmanRuntime/7.47.1\"","service":"acquisitions-api","timestamp":"2025-09-26T06:27:47.704Z"}
{"ip":"::1","level":"warn","message":"Rate limit exceeded","method":"GET","path":"/health","service":"acquisitions-api","timestamp":"2025-09-26T06:28:03.267Z","userAgent":"PostmanRuntime/7.47.1"}
{"level":"info","message":"::1 - - [26/Sep/2025:06:28:03 +0000] \"GET /health HTTP/1.1\" 429 61 \"-\" \"PostmanRuntime/7.47.1\"","service":"acquisitions-api","timestamp":"2025-09-26T06:28:03.272Z"}
{"level":"info","message":"::1 - - [26/Sep/2025:06:31:42 +0000] \"GET /health HTTP/1.1\" 200 73 \"-\" \"PostmanRuntime/7.47.1\"","service":"acquisitions-api","timestamp":"2025-09-26T06:31:42.167Z"}
{"level":"info","message":"::1 - - [26/Sep/2025:06:33:01 +0000] \"GET /health HTTP/1.1\" 200 74 \"-\" \"PostmanRuntime/7.47.1\"","service":"acquisitions-api","timestamp":"2025-09-26T06:33:01.966Z"}
{"level":"info","message":"::1 - - [26/Sep/2025:06:33:06 +0000] \"GET /health HTTP/1.1\" 200 74 \"-\" \"PostmanRuntime/7.47.1\"","service":"acquisitions-api","timestamp":"2025-09-26T06:33:06.013Z"}
{"ip":"::1","level":"warn","message":"Rate limit exceeded","method":"GET","path":"/health","service":"acquisitions-api","timestamp":"2025-09-26T06:33:06.863Z","userAgent":"PostmanRuntime/7.47.1"}
{"level":"info","message":"::1 - - [26/Sep/2025:06:33:06 +0000] \"GET /health HTTP/1.1\" 429 61 \"-\" \"PostmanRuntime/7.47.1\"","service":"acquisitions-api","timestamp":"2025-09-26T06:33:06.865Z"}
{"level":"info","message":"::ffff:172.18.0.1 - - [26/Sep/2025:07:17:47 +0000] \"GET / HTTP/1.1\" 304 - \"-\" \"Mozilla/5.0 (Windows NT 10.0; Win64; x64) AppleWebKit/537.36 (KHTML, like Gecko) Chrome/140.0.0.0 Safari/537.36\"","service":"acquisitions-api","timestamp":"2025-09-26T07:17:47.676Z"}
{"level":"info","message":"::ffff:172.18.0.1 - - [26/Sep/2025:07:17:59 +0000] \"GET /health HTTP/1.1\" 200 76 \"-\" \"Mozilla/5.0 (Windows NT 10.0; Win64; x64) AppleWebKit/537.36 (KHTML, like Gecko) Chrome/140.0.0.0 Safari/537.36\"","service":"acquisitions-api","timestamp":"2025-09-26T07:17:59.859Z"}
{"level":"info","message":"New user created: user3@email.com","service":"acquisitions-api","timestamp":"2025-09-26T07:18:51.972Z"}
{"level":"info","message":"::ffff:172.18.0.1 - - [26/Sep/2025:07:18:51 +0000] \"POST /api/auth/sign-up HTTP/1.1\" 201 315 \"-\" \"PostmanRuntime/7.47.1\"","service":"acquisitions-api","timestamp":"2025-09-26T07:18:51.980Z"}
{"level":"error","message":"Signup error: Email already exists","service":"acquisitions-api","stack":"Error: Email already exists\n    at createUser (file:///app/src/services/auth.service.js:18:38)\n    at process.processTicksAndRejections (node:internal/process/task_queues:95:5)\n    at async signup (file:///app/src/controllers/auth.controller.js:19:18)","timestamp":"2025-09-26T07:20:49.787Z"}
{"level":"info","message":"::ffff:172.18.0.1 - - [26/Sep/2025:07:20:49 +0000] \"POST /api/auth/sign-up HTTP/1.1\" 409 32 \"-\" \"PostmanRuntime/7.47.1\"","service":"acquisitions-api","timestamp":"2025-09-26T07:20:49.788Z"}
{"level":"info","message":"New user created: user4@email.com","service":"acquisitions-api","timestamp":"2025-09-26T07:20:58.850Z"}
{"level":"info","message":"::ffff:172.18.0.1 - - [26/Sep/2025:07:20:58 +0000] \"POST /api/auth/sign-up HTTP/1.1\" 201 315 \"-\" \"PostmanRuntime/7.47.1\"","service":"acquisitions-api","timestamp":"2025-09-26T07:20:58.852Z"}
{"level":"info","message":"::1 - - [26/Sep/2025:07:34:51 +0000] \"GET /api/users HTTP/1.1\" 404 148 \"-\" \"PostmanRuntime/7.47.1\"","service":"acquisitions-api","timestamp":"2025-09-26T07:34:51.610Z"}
{"level":"error","message":"Authentication error: logger is not defined","service":"acquisitions-api","stack":"ReferenceError: logger is not defined\n    at Object.verify (file:///D:/workspace/course/acquisitions/src/utils/jwt.js:20:7)\n    at authenticateToken (file:///D:/workspace/course/acquisitions/src/middlewares/auth.middleware.js:15:30)\n    at Layer.handleRequest (D:\\workspace\\course\\acquisitions\\node_modules\\router\\lib\\layer.js:152:17)\n    at next (D:\\workspace\\course\\acquisitions\\node_modules\\router\\lib\\route.js:157:13)\n    at Route.dispatch (D:\\workspace\\course\\acquisitions\\node_modules\\router\\lib\\route.js:117:3)\n    at handle (D:\\workspace\\course\\acquisitions\\node_modules\\router\\index.js:435:11)\n    at Layer.handleRequest (D:\\workspace\\course\\acquisitions\\node_modules\\router\\lib\\layer.js:152:17)\n    at D:\\workspace\\course\\acquisitions\\node_modules\\router\\index.js:295:15\n    at processParams (D:\\workspace\\course\\acquisitions\\node_modules\\router\\index.js:582:12)\n    at next (D:\\workspace\\course\\acquisitions\\node_modules\\router\\index.js:291:5)","timestamp":"2025-09-26T07:35:27.442Z"}
{"level":"info","message":"::1 - - [26/Sep/2025:07:35:27 +0000] \"GET /api/user HTTP/1.1\" 500 73 \"-\" \"PostmanRuntime/7.47.1\"","service":"acquisitions-api","timestamp":"2025-09-26T07:35:27.444Z"}
{"level":"info","message":"::1 - - [26/Sep/2025:07:36:24 +0000] \"GET /api/user HTTP/1.1\" 401 72 \"-\" \"PostmanRuntime/7.47.1\"","service":"acquisitions-api","timestamp":"2025-09-26T07:36:24.994Z"}
{"level":"info","message":"Getting users...","service":"acquisitions-api","timestamp":"2025-09-26T07:36:41.230Z"}
{"level":"error","message":"Error getting users Cannot convert undefined or null to object","service":"acquisitions-api","stack":"TypeError: Cannot convert undefined or null to object\n    at Function.entries (<anonymous>)\n    at orderSelectedFields (file:///D:/workspace/course/acquisitions/node_modules/drizzle-orm/utils.js:53:17)\n    at file:///D:/workspace/course/acquisitions/node_modules/drizzle-orm/utils.js:63:22\n    at Array.reduce (<anonymous>)\n    at orderSelectedFields (file:///D:/workspace/course/acquisitions/node_modules/drizzle-orm/utils.js:53:33)\n    at file:///D:/workspace/course/acquisitions/node_modules/drizzle-orm/pg-core/query-builders/select.js:770:26\n    at Object.startActiveSpan (file:///D:/workspace/course/acquisitions/node_modules/drizzle-orm/tracing.js:8:14)\n    at PgSelectBase._prepare (file:///D:/workspace/course/acquisitions/node_modules/drizzle-orm/pg-core/query-builders/select.js:769:19)\n    at file:///D:/workspace/course/acquisitions/node_modules/drizzle-orm/pg-core/query-builders/select.js:797:19\n    at Object.startActiveSpan (file:///D:/workspace/course/acquisitions/node_modules/drizzle-orm/tracing.js:8:14)","timestamp":"2025-09-26T07:36:41.232Z"}
{"level":"error","message":"Cannot convert undefined or null to object","service":"acquisitions-api","stack":"TypeError: Cannot convert undefined or null to object\n    at Function.entries (<anonymous>)\n    at orderSelectedFields (file:///D:/workspace/course/acquisitions/node_modules/drizzle-orm/utils.js:53:17)\n    at file:///D:/workspace/course/acquisitions/node_modules/drizzle-orm/utils.js:63:22\n    at Array.reduce (<anonymous>)\n    at orderSelectedFields (file:///D:/workspace/course/acquisitions/node_modules/drizzle-orm/utils.js:53:33)\n    at file:///D:/workspace/course/acquisitions/node_modules/drizzle-orm/pg-core/query-builders/select.js:770:26\n    at Object.startActiveSpan (file:///D:/workspace/course/acquisitions/node_modules/drizzle-orm/tracing.js:8:14)\n    at PgSelectBase._prepare (file:///D:/workspace/course/acquisitions/node_modules/drizzle-orm/pg-core/query-builders/select.js:769:19)\n    at file:///D:/workspace/course/acquisitions/node_modules/drizzle-orm/pg-core/query-builders/select.js:797:19\n    at Object.startActiveSpan (file:///D:/workspace/course/acquisitions/node_modules/drizzle-orm/tracing.js:8:14)","timestamp":"2025-09-26T07:36:41.232Z"}
{"level":"info","message":"::1 - - [26/Sep/2025:07:36:41 +0000] \"GET /api/user HTTP/1.1\" 500 1293 \"-\" \"PostmanRuntime/7.47.1\"","service":"acquisitions-api","timestamp":"2025-09-26T07:36:41.235Z"}
{"level":"info","message":"Getting users...","service":"acquisitions-api","timestamp":"2025-09-26T07:36:59.581Z"}
{"level":"error","message":"Error getting users Cannot convert undefined or null to object","service":"acquisitions-api","stack":"TypeError: Cannot convert undefined or null to object\n    at Function.entries (<anonymous>)\n    at orderSelectedFields (file:///D:/workspace/course/acquisitions/node_modules/drizzle-orm/utils.js:53:17)\n    at file:///D:/workspace/course/acquisitions/node_modules/drizzle-orm/utils.js:63:22\n    at Array.reduce (<anonymous>)\n    at orderSelectedFields (file:///D:/workspace/course/acquisitions/node_modules/drizzle-orm/utils.js:53:33)\n    at file:///D:/workspace/course/acquisitions/node_modules/drizzle-orm/pg-core/query-builders/select.js:770:26\n    at Object.startActiveSpan (file:///D:/workspace/course/acquisitions/node_modules/drizzle-orm/tracing.js:8:14)\n    at PgSelectBase._prepare (file:///D:/workspace/course/acquisitions/node_modules/drizzle-orm/pg-core/query-builders/select.js:769:19)\n    at file:///D:/workspace/course/acquisitions/node_modules/drizzle-orm/pg-core/query-builders/select.js:797:19\n    at Object.startActiveSpan (file:///D:/workspace/course/acquisitions/node_modules/drizzle-orm/tracing.js:8:14)","timestamp":"2025-09-26T07:36:59.583Z"}
{"level":"error","message":"Cannot convert undefined or null to object","service":"acquisitions-api","stack":"TypeError: Cannot convert undefined or null to object\n    at Function.entries (<anonymous>)\n    at orderSelectedFields (file:///D:/workspace/course/acquisitions/node_modules/drizzle-orm/utils.js:53:17)\n    at file:///D:/workspace/course/acquisitions/node_modules/drizzle-orm/utils.js:63:22\n    at Array.reduce (<anonymous>)\n    at orderSelectedFields (file:///D:/workspace/course/acquisitions/node_modules/drizzle-orm/utils.js:53:33)\n    at file:///D:/workspace/course/acquisitions/node_modules/drizzle-orm/pg-core/query-builders/select.js:770:26\n    at Object.startActiveSpan (file:///D:/workspace/course/acquisitions/node_modules/drizzle-orm/tracing.js:8:14)\n    at PgSelectBase._prepare (file:///D:/workspace/course/acquisitions/node_modules/drizzle-orm/pg-core/query-builders/select.js:769:19)\n    at file:///D:/workspace/course/acquisitions/node_modules/drizzle-orm/pg-core/query-builders/select.js:797:19\n    at Object.startActiveSpan (file:///D:/workspace/course/acquisitions/node_modules/drizzle-orm/tracing.js:8:14)","timestamp":"2025-09-26T07:36:59.584Z"}
{"level":"info","message":"::1 - - [26/Sep/2025:07:36:59 +0000] \"GET /api/user HTTP/1.1\" 500 1293 \"-\" \"PostmanRuntime/7.47.1\"","service":"acquisitions-api","timestamp":"2025-09-26T07:36:59.586Z"}
{"level":"info","message":"Getting users...","service":"acquisitions-api","timestamp":"2025-09-26T07:37:53.776Z"}
{"level":"error","message":"Error getting users Cannot access 'users' before initialization","service":"acquisitions-api","stack":"ReferenceError: Cannot access 'users' before initialization\n    at getAllUsers (file:///D:/workspace/course/acquisitions/src/services/user.service.js:10:13)\n    at fetchAllUsers (file:///D:/workspace/course/acquisitions/src/controllers/user.controller.js:18:28)\n    at Layer.handleRequest (D:\\workspace\\course\\acquisitions\\node_modules\\router\\lib\\layer.js:152:17)\n    at next (D:\\workspace\\course\\acquisitions\\node_modules\\router\\lib\\route.js:157:13)\n    at Route.dispatch (D:\\workspace\\course\\acquisitions\\node_modules\\router\\lib\\route.js:117:3)\n    at handle (D:\\workspace\\course\\acquisitions\\node_modules\\router\\index.js:435:11)\n    at Layer.handleRequest (D:\\workspace\\course\\acquisitions\\node_modules\\router\\lib\\layer.js:152:17)\n    at D:\\workspace\\course\\acquisitions\\node_modules\\router\\index.js:295:15\n    at processParams (D:\\workspace\\course\\acquisitions\\node_modules\\router\\index.js:582:12)\n    at next (D:\\workspace\\course\\acquisitions\\node_modules\\router\\index.js:291:5)","timestamp":"2025-09-26T07:37:53.778Z"}
{"level":"error","message":"Cannot access 'users' before initialization","service":"acquisitions-api","stack":"ReferenceError: Cannot access 'users' before initialization\n    at getAllUsers (file:///D:/workspace/course/acquisitions/src/services/user.service.js:10:13)\n    at fetchAllUsers (file:///D:/workspace/course/acquisitions/src/controllers/user.controller.js:18:28)\n    at Layer.handleRequest (D:\\workspace\\course\\acquisitions\\node_modules\\router\\lib\\layer.js:152:17)\n    at next (D:\\workspace\\course\\acquisitions\\node_modules\\router\\lib\\route.js:157:13)\n    at Route.dispatch (D:\\workspace\\course\\acquisitions\\node_modules\\router\\lib\\route.js:117:3)\n    at handle (D:\\workspace\\course\\acquisitions\\node_modules\\router\\index.js:435:11)\n    at Layer.handleRequest (D:\\workspace\\course\\acquisitions\\node_modules\\router\\lib\\layer.js:152:17)\n    at D:\\workspace\\course\\acquisitions\\node_modules\\router\\index.js:295:15\n    at processParams (D:\\workspace\\course\\acquisitions\\node_modules\\router\\index.js:582:12)\n    at next (D:\\workspace\\course\\acquisitions\\node_modules\\router\\index.js:291:5)","timestamp":"2025-09-26T07:37:53.779Z"}
{"level":"info","message":"::1 - - [26/Sep/2025:07:37:53 +0000] \"GET /api/user HTTP/1.1\" 500 1248 \"-\" \"PostmanRuntime/7.47.1\"","service":"acquisitions-api","timestamp":"2025-09-26T07:37:53.782Z"}
{"level":"info","message":"Getting users...","service":"acquisitions-api","timestamp":"2025-09-26T07:39:05.686Z"}
{"level":"error","message":"Error getting users Cannot convert undefined or null to object","service":"acquisitions-api","stack":"TypeError: Cannot convert undefined or null to object\n    at Function.entries (<anonymous>)\n    at orderSelectedFields (file:///D:/workspace/course/acquisitions/node_modules/drizzle-orm/utils.js:53:17)\n    at file:///D:/workspace/course/acquisitions/node_modules/drizzle-orm/utils.js:63:22\n    at Array.reduce (<anonymous>)\n    at orderSelectedFields (file:///D:/workspace/course/acquisitions/node_modules/drizzle-orm/utils.js:53:33)\n    at file:///D:/workspace/course/acquisitions/node_modules/drizzle-orm/pg-core/query-builders/select.js:770:26\n    at Object.startActiveSpan (file:///D:/workspace/course/acquisitions/node_modules/drizzle-orm/tracing.js:8:14)\n    at PgSelectBase._prepare (file:///D:/workspace/course/acquisitions/node_modules/drizzle-orm/pg-core/query-builders/select.js:769:19)\n    at file:///D:/workspace/course/acquisitions/node_modules/drizzle-orm/pg-core/query-builders/select.js:797:19\n    at Object.startActiveSpan (file:///D:/workspace/course/acquisitions/node_modules/drizzle-orm/tracing.js:8:14)","timestamp":"2025-09-26T07:39:05.688Z"}
{"level":"error","message":"Cannot convert undefined or null to object","service":"acquisitions-api","stack":"TypeError: Cannot convert undefined or null to object\n    at Function.entries (<anonymous>)\n    at orderSelectedFields (file:///D:/workspace/course/acquisitions/node_modules/drizzle-orm/utils.js:53:17)\n    at file:///D:/workspace/course/acquisitions/node_modules/drizzle-orm/utils.js:63:22\n    at Array.reduce (<anonymous>)\n    at orderSelectedFields (file:///D:/workspace/course/acquisitions/node_modules/drizzle-orm/utils.js:53:33)\n    at file:///D:/workspace/course/acquisitions/node_modules/drizzle-orm/pg-core/query-builders/select.js:770:26\n    at Object.startActiveSpan (file:///D:/workspace/course/acquisitions/node_modules/drizzle-orm/tracing.js:8:14)\n    at PgSelectBase._prepare (file:///D:/workspace/course/acquisitions/node_modules/drizzle-orm/pg-core/query-builders/select.js:769:19)\n    at file:///D:/workspace/course/acquisitions/node_modules/drizzle-orm/pg-core/query-builders/select.js:797:19\n    at Object.startActiveSpan (file:///D:/workspace/course/acquisitions/node_modules/drizzle-orm/tracing.js:8:14)","timestamp":"2025-09-26T07:39:05.688Z"}
{"level":"info","message":"::1 - - [26/Sep/2025:07:39:05 +0000] \"GET /api/user HTTP/1.1\" 500 1293 \"-\" \"PostmanRuntime/7.47.1\"","service":"acquisitions-api","timestamp":"2025-09-26T07:39:05.691Z"}
{"level":"info","message":"Getting users...","service":"acquisitions-api","timestamp":"2025-09-26T07:40:08.053Z"}
{"cause":{"name":"NeonDbError","sourceError":{}},"level":"error","message":"Error getting users Failed query: select \"id\", \"email\", \"name\", \"role\" from \"users\"\nparams: ","params":[],"query":"select \"id\", \"email\", \"name\", \"role\" from \"users\"","service":"acquisitions-api","stack":"Error: Failed query: select \"id\", \"email\", \"name\", \"role\" from \"users\"\nparams: \n    at NeonHttpPreparedQuery.queryWithCache (file:///D:/workspace/course/acquisitions/node_modules/drizzle-orm/pg-core/session.js:41:15)\n    at process.processTicksAndRejections (node:internal/process/task_queues:95:5)\n    at async NeonHttpPreparedQuery.execute (file:///D:/workspace/course/acquisitions/node_modules/drizzle-orm/neon-http/session.js:45:20)\n    at async getAllUsers (file:///D:/workspace/course/acquisitions/src/services/user.service.js:9:23)\n    at async fetchAllUsers (file:///D:/workspace/course/acquisitions/src/controllers/user.controller.js:18:22)","timestamp":"2025-09-26T07:40:10.800Z"}
{"cause":{"name":"NeonDbError","sourceError":{}},"level":"error","message":"Failed query: select \"id\", \"email\", \"name\", \"role\" from \"users\"\nparams: ","params":[],"query":"select \"id\", \"email\", \"name\", \"role\" from \"users\"","service":"acquisitions-api","stack":"Error: Failed query: select \"id\", \"email\", \"name\", \"role\" from \"users\"\nparams: \n    at NeonHttpPreparedQuery.queryWithCache (file:///D:/workspace/course/acquisitions/node_modules/drizzle-orm/pg-core/session.js:41:15)\n    at process.processTicksAndRejections (node:internal/process/task_queues:95:5)\n    at async NeonHttpPreparedQuery.execute (file:///D:/workspace/course/acquisitions/node_modules/drizzle-orm/neon-http/session.js:45:20)\n    at async getAllUsers (file:///D:/workspace/course/acquisitions/src/services/user.service.js:9:23)\n    at async fetchAllUsers (file:///D:/workspace/course/acquisitions/src/controllers/user.controller.js:18:22)","timestamp":"2025-09-26T07:40:10.800Z"}
{"level":"info","message":"::1 - - [26/Sep/2025:07:40:10 +0000] \"GET /api/user HTTP/1.1\" 500 894 \"-\" \"PostmanRuntime/7.47.1\"","service":"acquisitions-api","timestamp":"2025-09-26T07:40:10.805Z"}
{"level":"info","message":"Getting users...","service":"acquisitions-api","timestamp":"2025-09-26T07:42:09.225Z"}
{"cause":{"name":"NeonDbError","sourceError":{}},"level":"error","message":"Error getting users Failed query: select \"id\", \"email\", \"name\", \"role\" from \"users\"\nparams: ","params":[],"query":"select \"id\", \"email\", \"name\", \"role\" from \"users\"","service":"acquisitions-api","stack":"Error: Failed query: select \"id\", \"email\", \"name\", \"role\" from \"users\"\nparams: \n    at NeonHttpPreparedQuery.queryWithCache (file:///D:/workspace/course/acquisitions/node_modules/drizzle-orm/pg-core/session.js:41:15)\n    at process.processTicksAndRejections (node:internal/process/task_queues:95:5)\n    at async NeonHttpPreparedQuery.execute (file:///D:/workspace/course/acquisitions/node_modules/drizzle-orm/neon-http/session.js:45:20)\n    at async getAllUsers (file:///D:/workspace/course/acquisitions/src/services/user.service.js:9:23)\n    at async fetchAllUsers (file:///D:/workspace/course/acquisitions/src/controllers/user.controller.js:18:22)","timestamp":"2025-09-26T07:42:11.937Z"}
{"cause":{"name":"NeonDbError","sourceError":{}},"level":"error","message":"Failed query: select \"id\", \"email\", \"name\", \"role\" from \"users\"\nparams: ","params":[],"query":"select \"id\", \"email\", \"name\", \"role\" from \"users\"","service":"acquisitions-api","stack":"Error: Failed query: select \"id\", \"email\", \"name\", \"role\" from \"users\"\nparams: \n    at NeonHttpPreparedQuery.queryWithCache (file:///D:/workspace/course/acquisitions/node_modules/drizzle-orm/pg-core/session.js:41:15)\n    at process.processTicksAndRejections (node:internal/process/task_queues:95:5)\n    at async NeonHttpPreparedQuery.execute (file:///D:/workspace/course/acquisitions/node_modules/drizzle-orm/neon-http/session.js:45:20)\n    at async getAllUsers (file:///D:/workspace/course/acquisitions/src/services/user.service.js:9:23)\n    at async fetchAllUsers (file:///D:/workspace/course/acquisitions/src/controllers/user.controller.js:18:22)","timestamp":"2025-09-26T07:42:11.938Z"}
{"level":"info","message":"::1 - - [26/Sep/2025:07:42:11 +0000] \"GET /api/user HTTP/1.1\" 500 894 \"-\" \"PostmanRuntime/7.47.1\"","service":"acquisitions-api","timestamp":"2025-09-26T07:42:11.942Z"}
{"level":"info","message":"Getting users...","service":"acquisitions-api","timestamp":"2025-09-26T07:42:27.894Z"}
{"level":"info","message":"::1 - - [26/Sep/2025:07:42:28 +0000] \"GET /api/user HTTP/1.1\" 200 381 \"-\" \"PostmanRuntime/7.47.1\"","service":"acquisitions-api","timestamp":"2025-09-26T07:42:28.948Z"}
{"level":"info","message":"::1 - - [26/Sep/2025:07:44:04 +0000] \"GET /api/user/1 HTTP/1.1\" 401 72 \"-\" \"PostmanRuntime/7.47.1\"","service":"acquisitions-api","timestamp":"2025-09-26T07:44:04.248Z"}
{"ip":"::1","level":"warn","message":"Rate limit exceeded","method":"POST","path":"/api/auth/sign-in","service":"acquisitions-api","timestamp":"2025-09-26T07:44:47.059Z","userAgent":"PostmanRuntime/7.47.1"}
{"level":"info","message":"::1 - - [26/Sep/2025:07:44:47 +0000] \"POST /api/auth/sign-in HTTP/1.1\" 429 61 \"-\" \"PostmanRuntime/7.47.1\"","service":"acquisitions-api","timestamp":"2025-09-26T07:44:47.063Z"}
{"level":"info","message":"::1 - - [26/Sep/2025:07:45:06 +0000] \"POST /api/auth/sign-in HTTP/1.1\" 200 306 \"-\" \"PostmanRuntime/7.47.1\"","service":"acquisitions-api","timestamp":"2025-09-26T07:45:06.245Z"}
{"level":"info","message":"User authenticated: admin@email.com (admin)","service":"acquisitions-api","timestamp":"2025-09-26T07:45:12.720Z"}
{"level":"info","message":"Getting user by id: 1","service":"acquisitions-api","timestamp":"2025-09-26T07:45:12.721Z"}
{"level":"info","message":"User admin@email.com retrieved successfully","service":"acquisitions-api","timestamp":"2025-09-26T07:45:13.356Z"}
{"level":"info","message":"::1 - - [26/Sep/2025:07:45:13 +0000] \"GET /api/user/1 HTTP/1.1\" 200 113 \"-\" \"PostmanRuntime/7.47.1\"","service":"acquisitions-api","timestamp":"2025-09-26T07:45:13.361Z"}
{"level":"info","message":"User authenticated: admin@email.com (admin)","service":"acquisitions-api","timestamp":"2025-09-26T07:45:43.608Z"}
{"level":"info","message":"Getting user by id: 2","service":"acquisitions-api","timestamp":"2025-09-26T07:45:43.611Z"}
{"level":"error","message":"Error getting user by id 2: User not found","service":"acquisitions-api","stack":"Error: User not found\n    at getUserById (file:///D:/workspace/course/acquisitions/src/services/user.service.js:42:13)\n    at process.processTicksAndRejections (node:internal/process/task_queues:95:5)\n    at async fetchUserById (file:///D:/workspace/course/acquisitions/src/controllers/user.controller.js:46:18)","timestamp":"2025-09-26T07:45:44.340Z"}
{"level":"error","message":"Error fetching user by id: User not found","service":"acquisitions-api","timestamp":"2025-09-26T07:45:44.340Z"}
{"level":"info","message":"::1 - - [26/Sep/2025:07:45:44 +0000] \"GET /api/user/2 HTTP/1.1\" 404 26 \"-\" \"PostmanRuntime/7.47.1\"","service":"acquisitions-api","timestamp":"2025-09-26T07:45:44.344Z"}
{"level":"info","message":"User authenticated: admin@email.com (admin)","service":"acquisitions-api","timestamp":"2025-09-26T07:45:47.347Z"}
{"level":"info","message":"Getting user by id: 4","service":"acquisitions-api","timestamp":"2025-09-26T07:45:47.348Z"}
{"level":"error","message":"Error getting user by id 4: User not found","service":"acquisitions-api","stack":"Error: User not found\n    at getUserById (file:///D:/workspace/course/acquisitions/src/services/user.service.js:42:13)\n    at process.processTicksAndRejections (node:internal/process/task_queues:95:5)\n    at async fetchUserById (file:///D:/workspace/course/acquisitions/src/controllers/user.controller.js:46:18)","timestamp":"2025-09-26T07:45:47.575Z"}
{"level":"error","message":"Error fetching user by id: User not found","service":"acquisitions-api","timestamp":"2025-09-26T07:45:47.576Z"}
{"level":"info","message":"::1 - - [26/Sep/2025:07:45:47 +0000] \"GET /api/user/4 HTTP/1.1\" 404 26 \"-\" \"PostmanRuntime/7.47.1\"","service":"acquisitions-api","timestamp":"2025-09-26T07:45:47.577Z"}
{"level":"info","message":"User authenticated: admin@email.com (admin)","service":"acquisitions-api","timestamp":"2025-09-26T07:45:52.018Z"}
{"level":"info","message":"Getting user by id: 5","service":"acquisitions-api","timestamp":"2025-09-26T07:45:52.019Z"}
{"level":"info","message":"User user@email.com retrieved successfully","service":"acquisitions-api","timestamp":"2025-09-26T07:45:52.688Z"}
{"level":"info","message":"::1 - - [26/Sep/2025:07:45:52 +0000] \"GET /api/user/5 HTTP/1.1\" 200 110 \"-\" \"PostmanRuntime/7.47.1\"","service":"acquisitions-api","timestamp":"2025-09-26T07:45:52.690Z"}
{"level":"info","message":"User authenticated: admin@email.com (admin)","service":"acquisitions-api","timestamp":"2025-09-26T07:46:38.210Z"}
{"level":"info","message":"Getting user by id: 5","service":"acquisitions-api","timestamp":"2025-09-26T07:46:38.211Z"}
{"level":"info","message":"User user@email.com retrieved successfully","service":"acquisitions-api","timestamp":"2025-09-26T07:46:38.831Z"}
{"level":"info","message":"::1 - - [26/Sep/2025:07:46:38 +0000] \"GET /api/user/5 HTTP/1.1\" 200 110 \"-\" \"PostmanRuntime/7.47.1\"","service":"acquisitions-api","timestamp":"2025-09-26T07:46:38.832Z"}
{"level":"info","message":"User authenticated: admin@email.com (admin)","service":"acquisitions-api","timestamp":"2025-09-26T07:46:45.087Z"}
{"level":"info","message":"Getting user by id: 5","service":"acquisitions-api","timestamp":"2025-09-26T07:46:45.087Z"}
{"level":"info","message":"User user@email.com retrieved successfully","service":"acquisitions-api","timestamp":"2025-09-26T07:46:45.746Z"}
{"level":"info","message":"::1 - - [26/Sep/2025:07:46:45 +0000] \"GET /api/user/5 HTTP/1.1\" 200 110 \"-\" \"PostmanRuntime/7.47.1\"","service":"acquisitions-api","timestamp":"2025-09-26T07:46:45.747Z"}
{"level":"info","message":"User authenticated: admin@email.com (admin)","service":"acquisitions-api","timestamp":"2025-09-26T07:47:25.782Z"}
{"level":"info","message":"Getting user by id: 5","service":"acquisitions-api","timestamp":"2025-09-26T07:47:25.784Z"}
{"level":"info","message":"User user@email.com retrieved successfully","service":"acquisitions-api","timestamp":"2025-09-26T07:47:26.438Z"}
{"level":"info","message":"::1 - - [26/Sep/2025:07:47:26 +0000] \"GET /api/user/5 HTTP/1.1\" 200 110 \"-\" \"PostmanRuntime/7.47.1\"","service":"acquisitions-api","timestamp":"2025-09-26T07:47:26.441Z"}
{"level":"info","message":"User authenticated: admin@email.com (admin)","service":"acquisitions-api","timestamp":"2025-09-26T07:47:33.855Z"}
{"level":"info","message":"Getting user by id: 5","service":"acquisitions-api","timestamp":"2025-09-26T07:47:33.856Z"}
{"level":"info","message":"User user@email.com retrieved successfully","service":"acquisitions-api","timestamp":"2025-09-26T07:47:34.612Z"}
{"level":"info","message":"::1 - - [26/Sep/2025:07:47:34 +0000] \"GET /api/user/5 HTTP/1.1\" 200 110 \"-\" \"PostmanRuntime/7.47.1\"","service":"acquisitions-api","timestamp":"2025-09-26T07:47:34.616Z"}
{"level":"info","message":"User authenticated: admin@email.com (admin)","service":"acquisitions-api","timestamp":"2025-09-26T07:47:46.996Z"}
{"level":"info","message":"Getting user by id: 5","service":"acquisitions-api","timestamp":"2025-09-26T07:47:46.999Z"}
{"level":"info","message":"User user@email.com retrieved successfully","service":"acquisitions-api","timestamp":"2025-09-26T07:47:47.702Z"}
{"level":"info","message":"::1 - - [26/Sep/2025:07:47:47 +0000] \"GET /api/user/5 HTTP/1.1\" 200 110 \"-\" \"PostmanRuntime/7.47.1\"","service":"acquisitions-api","timestamp":"2025-09-26T07:47:47.706Z"}
{"level":"info","message":"User authenticated: admin@email.com (admin)","service":"acquisitions-api","timestamp":"2025-09-26T07:48:09.467Z"}
{"level":"info","message":"Getting user by id: 5","service":"acquisitions-api","timestamp":"2025-09-26T07:48:09.469Z"}
{"level":"info","message":"User user@email.com retrieved successfully","service":"acquisitions-api","timestamp":"2025-09-26T07:48:10.168Z"}
{"level":"info","message":"::1 - - [26/Sep/2025:07:48:10 +0000] \"GET /api/user/5 HTTP/1.1\" 200 110 \"-\" \"PostmanRuntime/7.47.1\"","service":"acquisitions-api","timestamp":"2025-09-26T07:48:10.171Z"}
{"level":"info","message":"User authenticated: admin@email.com (admin)","service":"acquisitions-api","timestamp":"2025-09-26T07:48:27.156Z"}
{"level":"info","message":"Getting user by id: 5","service":"acquisitions-api","timestamp":"2025-09-26T07:48:27.158Z"}
{"level":"info","message":"User user@email.com retrieved successfully","service":"acquisitions-api","timestamp":"2025-09-26T07:48:27.839Z"}
{"level":"info","message":"::1 - - [26/Sep/2025:07:48:27 +0000] \"GET /api/user/5 HTTP/1.1\" 200 110 \"-\" \"PostmanRuntime/7.47.1\"","service":"acquisitions-api","timestamp":"2025-09-26T07:48:27.845Z"}
{"level":"info","message":"User authenticated: admin@email.com (admin)","service":"acquisitions-api","timestamp":"2025-09-26T07:49:11.089Z"}
{"level":"info","message":"Getting user by id: 5","service":"acquisitions-api","timestamp":"2025-09-26T07:49:11.091Z"}
{"level":"info","message":"User user@email.com retrieved successfully","service":"acquisitions-api","timestamp":"2025-09-26T07:49:11.771Z"}
{"level":"info","message":"::1 - - [26/Sep/2025:07:49:11 +0000] \"GET /api/user/5 HTTP/1.1\" 200 110 \"-\" \"PostmanRuntime/7.47.1\"","service":"acquisitions-api","timestamp":"2025-09-26T07:49:11.775Z"}
{"level":"info","message":"User authenticated: admin@email.com (admin)","service":"acquisitions-api","timestamp":"2025-09-26T07:49:22.645Z"}
{"level":"info","message":"Updating user: 5","service":"acquisitions-api","timestamp":"2025-09-26T07:49:22.646Z"}
{"level":"info","message":"User user@email.com updated successfully","service":"acquisitions-api","timestamp":"2025-09-26T07:49:23.948Z"}
{"level":"info","message":"User user@email.com updated successfully","service":"acquisitions-api","timestamp":"2025-09-26T07:49:23.949Z"}
{"level":"info","message":"::1 - - [26/Sep/2025:07:49:23 +0000] \"PUT /api/user/5 HTTP/1.1\" 200 115 \"-\" \"PostmanRuntime/7.47.1\"","service":"acquisitions-api","timestamp":"2025-09-26T07:49:23.951Z"}
{"level":"info","message":"User authenticated: admin@email.com (admin)","service":"acquisitions-api","timestamp":"2025-09-26T07:49:46.656Z"}
{"level":"info","message":"Getting users...","service":"acquisitions-api","timestamp":"2025-09-26T07:49:46.659Z"}
{"level":"info","message":"::1 - - [26/Sep/2025:07:49:47 +0000] \"GET /api/user HTTP/1.1\" 200 388 \"-\" \"PostmanRuntime/7.47.1\"","service":"acquisitions-api","timestamp":"2025-09-26T07:49:47.359Z"}
{"level":"info","message":"User authenticated: admin@email.com (admin)","service":"acquisitions-api","timestamp":"2025-09-26T07:50:15.231Z"}
{"level":"info","message":"Getting users...","service":"acquisitions-api","timestamp":"2025-09-26T07:50:15.233Z"}
{"level":"error","message":"Error getting users users.updatedAt.desc is not a function","service":"acquisitions-api","stack":"TypeError: users.updatedAt.desc is not a function\n    at getAllUsers (file:///D:/workspace/course/acquisitions/src/services/user.service.js:17:32)\n    at fetchAllUsers (file:///D:/workspace/course/acquisitions/src/controllers/user.controller.js:18:28)\n    at Layer.handleRequest (D:\\workspace\\course\\acquisitions\\node_modules\\router\\lib\\layer.js:152:17)\n    at next (D:\\workspace\\course\\acquisitions\\node_modules\\router\\lib\\route.js:157:13)\n    at authenticateToken (file:///D:/workspace/course/acquisitions/src/middlewares/auth.middleware.js:19:5)\n    at Layer.handleRequest (D:\\workspace\\course\\acquisitions\\node_modules\\router\\lib\\layer.js:152:17)\n    at next (D:\\workspace\\course\\acquisitions\\node_modules\\router\\lib\\route.js:157:13)\n    at Route.dispatch (D:\\workspace\\course\\acquisitions\\node_modules\\router\\lib\\route.js:117:3)\n    at handle (D:\\workspace\\course\\acquisitions\\node_modules\\router\\index.js:435:11)\n    at Layer.handleRequest (D:\\workspace\\course\\acquisitions\\node_modules\\router\\lib\\layer.js:152:17)","timestamp":"2025-09-26T07:50:15.234Z"}
{"level":"error","message":"users.updatedAt.desc is not a function","service":"acquisitions-api","stack":"TypeError: users.updatedAt.desc is not a function\n    at getAllUsers (file:///D:/workspace/course/acquisitions/src/services/user.service.js:17:32)\n    at fetchAllUsers (file:///D:/workspace/course/acquisitions/src/controllers/user.controller.js:18:28)\n    at Layer.handleRequest (D:\\workspace\\course\\acquisitions\\node_modules\\router\\lib\\layer.js:152:17)\n    at next (D:\\workspace\\course\\acquisitions\\node_modules\\router\\lib\\route.js:157:13)\n    at authenticateToken (file:///D:/workspace/course/acquisitions/src/middlewares/auth.middleware.js:19:5)\n    at Layer.handleRequest (D:\\workspace\\course\\acquisitions\\node_modules\\router\\lib\\layer.js:152:17)\n    at next (D:\\workspace\\course\\acquisitions\\node_modules\\router\\lib\\route.js:157:13)\n    at Route.dispatch (D:\\workspace\\course\\acquisitions\\node_modules\\router\\lib\\route.js:117:3)\n    at handle (D:\\workspace\\course\\acquisitions\\node_modules\\router\\index.js:435:11)\n    at Layer.handleRequest (D:\\workspace\\course\\acquisitions\\node_modules\\router\\lib\\layer.js:152:17)","timestamp":"2025-09-26T07:50:15.235Z"}
{"level":"info","message":"::1 - - [26/Sep/2025:07:50:15 +0000] \"GET /api/user HTTP/1.1\" 500 1277 \"-\" \"PostmanRuntime/7.47.1\"","service":"acquisitions-api","timestamp":"2025-09-26T07:50:15.238Z"}
{"level":"info","message":"User authenticated: admin@email.com (admin)","service":"acquisitions-api","timestamp":"2025-09-26T07:50:55.448Z"}
{"level":"info","message":"Getting users...","service":"acquisitions-api","timestamp":"2025-09-26T07:50:55.450Z"}
{"level":"info","message":"::1 - - [26/Sep/2025:07:50:56 +0000] \"GET /api/user HTTP/1.1\" 200 388 \"-\" \"PostmanRuntime/7.47.1\"","service":"acquisitions-api","timestamp":"2025-09-26T07:50:56.121Z"}
